2025-12-07 01:13:30 [ERROR]: ❌ MongoDB connection failed: querySrv ENOTFOUND _mongodb._tcp.cluster.mongodb.net
2025-12-07 01:13:30 [ERROR]: ❌ MongoDB error: querySrv ENOTFOUND _mongodb._tcp.cluster.mongodb.net
2025-12-07 01:13:35 [ERROR]: ❌ MongoDB connection failed: connect ECONNREFUSED ::1:27017, connect ECONNREFUSED 127.0.0.1:27017
2025-12-07 01:13:35 [ERROR]: ❌ MongoDB error: connect ECONNREFUSED ::1:27017, connect ECONNREFUSED 127.0.0.1:27017
2025-12-07 01:13:45 [ERROR]: ❌ MongoDB connection failed: connect ECONNREFUSED ::1:27017, connect ECONNREFUSED 127.0.0.1:27017
2025-12-07 01:13:45 [ERROR]: ❌ MongoDB error: connect ECONNREFUSED ::1:27017, connect ECONNREFUSED 127.0.0.1:27017
2025-12-07 01:14:00 [ERROR]: ❌ MongoDB connection failed: connect ECONNREFUSED ::1:27017, connect ECONNREFUSED 127.0.0.1:27017
2025-12-07 01:14:00 [ERROR]: ❌ MongoDB error: connect ECONNREFUSED ::1:27017, connect ECONNREFUSED 127.0.0.1:27017
2025-12-07 01:14:20 [ERROR]: ❌ MongoDB connection failed: connect ECONNREFUSED ::1:27017, connect ECONNREFUSED 127.0.0.1:27017
2025-12-07 01:14:20 [ERROR]: ❌ MongoDB error: connect ECONNREFUSED ::1:27017, connect ECONNREFUSED 127.0.0.1:27017
2025-12-07 01:14:45 [ERROR]: ❌ MongoDB connection failed: connect ECONNREFUSED ::1:27017, connect ECONNREFUSED 127.0.0.1:27017
2025-12-07 01:14:45 [ERROR]: ❌ MongoDB error: connect ECONNREFUSED ::1:27017, connect ECONNREFUSED 127.0.0.1:27017
2025-12-07 01:15:16 [ERROR]: ❌ MongoDB connection failed: connect ECONNREFUSED ::1:27017, connect ECONNREFUSED 127.0.0.1:27017
2025-12-07 01:24:28 [ERROR]: ❌ MongoDB connection failed: bad auth : authentication failed
2025-12-07 01:24:28 [ERROR]: ❌ MongoDB error: bad auth : authentication failed
2025-12-07 01:24:36 [ERROR]: ❌ MongoDB connection failed: bad auth : authentication failed
2025-12-07 01:24:36 [ERROR]: ❌ MongoDB error: bad auth : authentication failed
2025-12-07 01:24:49 [ERROR]: ❌ MongoDB connection failed: bad auth : authentication failed
2025-12-07 01:24:49 [ERROR]: ❌ MongoDB error: bad auth : authentication failed
2025-12-07 01:25:07 [ERROR]: ❌ MongoDB connection failed: bad auth : authentication failed
2025-12-07 01:25:07 [ERROR]: ❌ MongoDB error: bad auth : authentication failed
2025-12-07 01:25:30 [ERROR]: ❌ MongoDB connection failed: bad auth : authentication failed
2025-12-07 01:25:30 [ERROR]: ❌ MongoDB error: bad auth : authentication failed
2025-12-07 01:25:58 [ERROR]: ❌ MongoDB connection failed: bad auth : authentication failed
2025-12-07 01:30:18 [ERROR]: ❌ MongoDB connection failed: mongodb+srv URI cannot have port number
2025-12-07 01:30:18 [ERROR]: ❌ MongoDB error: mongodb+srv URI cannot have port number
2025-12-07 01:30:23 [ERROR]: ❌ MongoDB connection failed: mongodb+srv URI cannot have port number
2025-12-07 01:30:23 [ERROR]: ❌ MongoDB error: mongodb+srv URI cannot have port number
2025-12-07 01:30:33 [ERROR]: ❌ MongoDB connection failed: mongodb+srv URI cannot have port number
2025-12-07 01:30:33 [ERROR]: ❌ MongoDB error: mongodb+srv URI cannot have port number
2025-12-07 01:30:48 [ERROR]: ❌ MongoDB connection failed: mongodb+srv URI cannot have port number
2025-12-07 01:30:48 [ERROR]: ❌ MongoDB error: mongodb+srv URI cannot have port number
2025-12-07 01:31:08 [ERROR]: ❌ MongoDB connection failed: mongodb+srv URI cannot have port number
2025-12-07 01:31:08 [ERROR]: ❌ MongoDB error: mongodb+srv URI cannot have port number
2025-12-07 01:31:33 [ERROR]: ❌ MongoDB connection failed: mongodb+srv URI cannot have port number
2025-12-07 01:33:57 [ERROR]: ❌ MongoDB connection failed: bad auth : authentication failed
2025-12-07 01:33:57 [ERROR]: ❌ MongoDB error: bad auth : authentication failed
2025-12-07 01:34:07 [ERROR]: ❌ MongoDB connection failed: bad auth : authentication failed
2025-12-07 01:34:07 [ERROR]: ❌ MongoDB error: bad auth : authentication failed
2025-12-07 01:34:20 [ERROR]: ❌ MongoDB connection failed: bad auth : authentication failed
2025-12-07 01:34:20 [ERROR]: ❌ MongoDB error: bad auth : authentication failed
2025-12-07 01:34:37 [ERROR]: ❌ MongoDB connection failed: bad auth : authentication failed
2025-12-07 01:34:37 [ERROR]: ❌ MongoDB error: bad auth : authentication failed
2025-12-07 01:35:00 [ERROR]: ❌ MongoDB connection failed: bad auth : authentication failed
2025-12-07 01:35:00 [ERROR]: ❌ MongoDB error: bad auth : authentication failed
2025-12-07 01:35:29 [ERROR]: ❌ MongoDB connection failed: bad auth : authentication failed
2025-12-07 01:36:13 [ERROR]: ❌ MongoDB connection failed: bad auth : authentication failed
2025-12-07 01:36:13 [ERROR]: ❌ MongoDB error: bad auth : authentication failed
2025-12-07 01:36:21 [ERROR]: ❌ MongoDB connection failed: bad auth : authentication failed
2025-12-07 01:36:21 [ERROR]: ❌ MongoDB error: bad auth : authentication failed
2025-12-07 01:36:34 [ERROR]: ❌ MongoDB connection failed: bad auth : authentication failed
2025-12-07 01:36:34 [ERROR]: ❌ MongoDB error: bad auth : authentication failed
2025-12-07 01:36:51 [ERROR]: ❌ MongoDB connection failed: bad auth : authentication failed
2025-12-07 01:36:51 [ERROR]: ❌ MongoDB error: bad auth : authentication failed
2025-12-07 01:37:17 [ERROR]: ❌ MongoDB connection failed: bad auth : authentication failed
2025-12-07 01:37:17 [ERROR]: ❌ MongoDB error: bad auth : authentication failed
2025-12-07 01:37:47 [ERROR]: ❌ MongoDB connection failed: bad auth : authentication failed
2025-12-07 01:49:50 [ERROR]: ❌ MongoDB connection failed: bad auth : authentication failed
2025-12-07 01:49:50 [ERROR]: ❌ MongoDB error: bad auth : authentication failed
2025-12-07 01:49:58 [ERROR]: ❌ MongoDB connection failed: bad auth : authentication failed
2025-12-07 01:49:58 [ERROR]: ❌ MongoDB error: bad auth : authentication failed
2025-12-07 01:50:11 [ERROR]: ❌ MongoDB connection failed: bad auth : authentication failed
2025-12-07 01:50:11 [ERROR]: ❌ MongoDB error: bad auth : authentication failed
2025-12-07 01:50:29 [ERROR]: ❌ MongoDB connection failed: bad auth : authentication failed
2025-12-07 01:50:29 [ERROR]: ❌ MongoDB error: bad auth : authentication failed
2025-12-07 01:50:53 [ERROR]: ❌ MongoDB connection failed: bad auth : authentication failed
2025-12-07 01:50:53 [ERROR]: ❌ MongoDB error: bad auth : authentication failed
2025-12-07 01:51:21 [ERROR]: ❌ MongoDB connection failed: bad auth : authentication failed
2025-12-07 01:55:33 [ERROR]: ❌ MongoDB connection failed: bad auth : authentication failed
2025-12-07 01:55:33 [ERROR]: ❌ MongoDB error: bad auth : authentication failed
2025-12-07 01:55:43 [ERROR]: ❌ MongoDB connection failed: bad auth : authentication failed
2025-12-07 01:55:43 [ERROR]: ❌ MongoDB error: bad auth : authentication failed
2025-12-07 01:55:56 [ERROR]: ❌ MongoDB connection failed: bad auth : authentication failed
2025-12-07 01:55:56 [ERROR]: ❌ MongoDB error: bad auth : authentication failed
2025-12-07 01:56:13 [ERROR]: ❌ MongoDB connection failed: bad auth : authentication failed
2025-12-07 01:56:13 [ERROR]: ❌ MongoDB error: bad auth : authentication failed
2025-12-07 01:56:37 [ERROR]: ❌ MongoDB connection failed: bad auth : authentication failed
2025-12-07 01:56:37 [ERROR]: ❌ MongoDB error: bad auth : authentication failed
2025-12-07 01:57:05 [ERROR]: ❌ MongoDB connection failed: bad auth : authentication failed
2025-12-07 20:58:17 [ERROR]: ❌ MongoDB connection failed: Could not connect to any servers in your MongoDB Atlas cluster. One common reason is that you're trying to access the database from an IP that isn't whitelisted. Make sure your current IP address is on your Atlas cluster's IP whitelist: https://www.mongodb.com/docs/atlas/security-whitelist/
2025-12-07 20:58:17 [ERROR]: ❌ MongoDB error: Server selection timed out after 5000 ms
2025-12-07 20:58:28 [ERROR]: ❌ MongoDB connection failed: Could not connect to any servers in your MongoDB Atlas cluster. One common reason is that you're trying to access the database from an IP that isn't whitelisted. Make sure your current IP address is on your Atlas cluster's IP whitelist: https://www.mongodb.com/docs/atlas/security-whitelist/
2025-12-07 20:58:28 [ERROR]: ❌ MongoDB error: Server selection timed out after 5000 ms
2025-12-07 20:58:54 [ERROR]: ❌ MongoDB connection failed: Could not connect to any servers in your MongoDB Atlas cluster. One common reason is that you're trying to access the database from an IP that isn't whitelisted. Make sure your current IP address is on your Atlas cluster's IP whitelist: https://www.mongodb.com/docs/atlas/security-whitelist/
2025-12-07 20:58:54 [ERROR]: ❌ MongoDB error: Server selection timed out after 5000 ms
2025-12-07 20:59:25 [ERROR]: ❌ MongoDB connection failed: Could not connect to any servers in your MongoDB Atlas cluster. One common reason is that you're trying to access the database from an IP that isn't whitelisted. Make sure your current IP address is on your Atlas cluster's IP whitelist: https://www.mongodb.com/docs/atlas/security-whitelist/
2025-12-07 20:59:25 [ERROR]: ❌ MongoDB error: Server selection timed out after 5000 ms
2025-12-07 20:59:55 [ERROR]: ❌ MongoDB connection failed: Could not connect to any servers in your MongoDB Atlas cluster. One common reason is that you're trying to access the database from an IP that isn't whitelisted. Make sure your current IP address is on your Atlas cluster's IP whitelist: https://www.mongodb.com/docs/atlas/security-whitelist/
2025-12-07 20:59:55 [ERROR]: ❌ MongoDB error: Server selection timed out after 5000 ms
2025-12-07 21:00:35 [ERROR]: ❌ MongoDB connection failed: Could not connect to any servers in your MongoDB Atlas cluster. One common reason is that you're trying to access the database from an IP that isn't whitelisted. Make sure your current IP address is on your Atlas cluster's IP whitelist: https://www.mongodb.com/docs/atlas/security-whitelist/
2025-12-07 21:07:33 [ERROR]: ❌ MongoDB connection failed: Could not connect to any servers in your MongoDB Atlas cluster. One common reason is that you're trying to access the database from an IP that isn't whitelisted. Make sure your current IP address is on your Atlas cluster's IP whitelist: https://www.mongodb.com/docs/atlas/security-whitelist/
2025-12-07 21:07:33 [ERROR]: ❌ MongoDB error: Server selection timed out after 5000 ms
2025-12-07 21:07:45 [ERROR]: ❌ MongoDB connection failed: Could not connect to any servers in your MongoDB Atlas cluster. One common reason is that you're trying to access the database from an IP that isn't whitelisted. Make sure your current IP address is on your Atlas cluster's IP whitelist: https://www.mongodb.com/docs/atlas/security-whitelist/
2025-12-07 21:07:45 [ERROR]: ❌ MongoDB error: Server selection timed out after 5000 ms
